[0.007s] Invoking command in '/home/mr-cheng/Documents/Alexbot/ros_ws/build/alexbot_description': CMAKE_PREFIX_PATH=/opt/ros/humble:${CMAKE_PREFIX_PATH} CONDA_PROMPT_MODIFIER=(base) /usr/bin/cmake /home/mr-cheng/Documents/Alexbot/ros_ws/src/alexbot_description -DCMAKE_INSTALL_PREFIX=/home/mr-cheng/Documents/Alexbot/ros_ws/install/alexbot_description
[0.062s] -- The C compiler identification is GNU 9.5.0
[0.103s] -- The CXX compiler identification is GNU 9.5.0
[0.107s] -- Detecting C compiler ABI info
[0.188s] -- Detecting C compiler ABI info - done
[0.192s] -- Check for working C compiler: /usr/bin/cc - skipped
[0.192s] -- Detecting C compile features
[0.192s] -- Detecting C compile features - done
[0.195s] -- Detecting CXX compiler ABI info
[0.293s] -- Detecting CXX compiler ABI info - done
[0.297s] -- Check for working CXX compiler: /usr/bin/c++ - skipped
[0.297s] -- Detecting CXX compile features
[0.298s] -- Detecting CXX compile features - done
[0.299s] -- Found ament_cmake: 1.3.11 (/opt/ros/humble/share/ament_cmake/cmake)
[0.519s] -- Found Python3: /home/mr-cheng/Bags/anaconda3/bin/python3 (found version "3.10.16") found components: Interpreter 
[0.572s] -- Found rclcpp: 16.0.12 (/opt/ros/humble/share/rclcpp/cmake)
[0.595s] -- Found rosidl_generator_c: 3.1.6 (/opt/ros/humble/share/rosidl_generator_c/cmake)
[0.597s] -- Found rosidl_adapter: 3.1.6 (/opt/ros/humble/share/rosidl_adapter/cmake)
[0.601s] -- Found rosidl_generator_cpp: 3.1.6 (/opt/ros/humble/share/rosidl_generator_cpp/cmake)
[0.608s] -- Using all available rosidl_typesupport_c: rosidl_typesupport_fastrtps_c;rosidl_typesupport_introspection_c
[0.616s] -- Using all available rosidl_typesupport_cpp: rosidl_typesupport_fastrtps_cpp;rosidl_typesupport_introspection_cpp
[0.639s] -- Found rmw_implementation_cmake: 6.1.2 (/opt/ros/humble/share/rmw_implementation_cmake/cmake)
[0.640s] -- Found rmw_fastrtps_cpp: 6.2.7 (/opt/ros/humble/share/rmw_fastrtps_cpp/cmake)
[0.708s] -- Found OpenSSL: /usr/lib/x86_64-linux-gnu/libcrypto.so (found version "3.0.2")  
[0.724s] -- Found FastRTPS: /opt/ros/humble/include  
[0.743s] -- Using RMW implementation 'rmw_fastrtps_cpp' as default
[0.748s] -- Looking for pthread.h
[0.827s] -- Looking for pthread.h - found
[0.827s] -- Performing Test CMAKE_HAVE_LIBC_PTHREAD
[0.935s] -- Performing Test CMAKE_HAVE_LIBC_PTHREAD - Success
[0.936s] -- Found Threads: TRUE  
[0.969s] -- Found urdf: 2.6.1 (/opt/ros/humble/share/urdf/cmake)
[0.983s] -- Found xacro: 2.0.13 (/opt/ros/humble/share/xacro/cmake)
[1.030s] -- Configuring done
[1.032s] -- Generating done
[1.033s] -- Build files have been written to: /home/mr-cheng/Documents/Alexbot/ros_ws/build/alexbot_description
[1.039s] Invoked command in '/home/mr-cheng/Documents/Alexbot/ros_ws/build/alexbot_description' returned '0': CMAKE_PREFIX_PATH=/opt/ros/humble:${CMAKE_PREFIX_PATH} CONDA_PROMPT_MODIFIER=(base) /usr/bin/cmake /home/mr-cheng/Documents/Alexbot/ros_ws/src/alexbot_description -DCMAKE_INSTALL_PREFIX=/home/mr-cheng/Documents/Alexbot/ros_ws/install/alexbot_description
[1.040s] Invoking command in '/home/mr-cheng/Documents/Alexbot/ros_ws/build/alexbot_description': CMAKE_PREFIX_PATH=/opt/ros/humble:${CMAKE_PREFIX_PATH} CONDA_PROMPT_MODIFIER=(base) /usr/bin/cmake --build /home/mr-cheng/Documents/Alexbot/ros_ws/build/alexbot_description -- -j16 -l16
[1.085s] Invoked command in '/home/mr-cheng/Documents/Alexbot/ros_ws/build/alexbot_description' returned '0': CMAKE_PREFIX_PATH=/opt/ros/humble:${CMAKE_PREFIX_PATH} CONDA_PROMPT_MODIFIER=(base) /usr/bin/cmake --build /home/mr-cheng/Documents/Alexbot/ros_ws/build/alexbot_description -- -j16 -l16
[1.095s] Invoking command in '/home/mr-cheng/Documents/Alexbot/ros_ws/build/alexbot_description': CMAKE_PREFIX_PATH=/opt/ros/humble:${CMAKE_PREFIX_PATH} CONDA_PROMPT_MODIFIER=(base) /usr/bin/cmake --install /home/mr-cheng/Documents/Alexbot/ros_ws/build/alexbot_description
[1.103s] -- Install configuration: ""
[1.103s] -- Installing: /home/mr-cheng/Documents/Alexbot/ros_ws/install/alexbot_description/share/alexbot_description/launch
[1.103s] -- Installing: /home/mr-cheng/Documents/Alexbot/ros_ws/install/alexbot_description/share/alexbot_description/launch/display.launch.py
[1.103s] -- Installing: /home/mr-cheng/Documents/Alexbot/ros_ws/install/alexbot_description/share/alexbot_description/meshes
[1.103s] -- Installing: /home/mr-cheng/Documents/Alexbot/ros_ws/install/alexbot_description/share/alexbot_description/meshes/leftlink2.STL
[1.104s] -- Installing: /home/mr-cheng/Documents/Alexbot/ros_ws/install/alexbot_description/share/alexbot_description/meshes/base_link.STL
[1.104s] -- Installing: /home/mr-cheng/Documents/Alexbot/ros_ws/install/alexbot_description/share/alexbot_description/meshes/leftlink5.STL
[1.104s] -- Installing: /home/mr-cheng/Documents/Alexbot/ros_ws/install/alexbot_description/share/alexbot_description/meshes/rightlink4.STL
[1.105s] -- Installing: /home/mr-cheng/Documents/Alexbot/ros_ws/install/alexbot_description/share/alexbot_description/meshes/rightlink2.STL
[1.105s] -- Installing: /home/mr-cheng/Documents/Alexbot/ros_ws/install/alexbot_description/share/alexbot_description/meshes/leftlink4.STL
[1.106s] -- Installing: /home/mr-cheng/Documents/Alexbot/ros_ws/install/alexbot_description/share/alexbot_description/meshes/rightlink1.STL
[1.106s] -- Installing: /home/mr-cheng/Documents/Alexbot/ros_ws/install/alexbot_description/share/alexbot_description/meshes/leftlink1.STL
[1.106s] -- Installing: /home/mr-cheng/Documents/Alexbot/ros_ws/install/alexbot_description/share/alexbot_description/meshes/leftlink3.STL
[1.106s] -- Installing: /home/mr-cheng/Documents/Alexbot/ros_ws/install/alexbot_description/share/alexbot_description/meshes/rightlink3.STL
[1.107s] -- Installing: /home/mr-cheng/Documents/Alexbot/ros_ws/install/alexbot_description/share/alexbot_description/meshes/rightlink5.STL
[1.107s] -- Installing: /home/mr-cheng/Documents/Alexbot/ros_ws/install/alexbot_description/share/alexbot_description/urdf
[1.107s] -- Installing: /home/mr-cheng/Documents/Alexbot/ros_ws/install/alexbot_description/share/alexbot_description/urdf/leftlink2.STL
[1.108s] -- Installing: /home/mr-cheng/Documents/Alexbot/ros_ws/install/alexbot_description/share/alexbot_description/urdf/base_link.STL
[1.108s] -- Installing: /home/mr-cheng/Documents/Alexbot/ros_ws/install/alexbot_description/share/alexbot_description/urdf/leftlink5.STL
[1.108s] -- Installing: /home/mr-cheng/Documents/Alexbot/ros_ws/install/alexbot_description/share/alexbot_description/urdf/Alexbot.csv
[1.108s] -- Installing: /home/mr-cheng/Documents/Alexbot/ros_ws/install/alexbot_description/share/alexbot_description/urdf/Alexbot.urdf
[1.108s] -- Installing: /home/mr-cheng/Documents/Alexbot/ros_ws/install/alexbot_description/share/alexbot_description/urdf/rightlink4.STL
[1.108s] -- Installing: /home/mr-cheng/Documents/Alexbot/ros_ws/install/alexbot_description/share/alexbot_description/urdf/rightlink2.STL
[1.109s] -- Installing: /home/mr-cheng/Documents/Alexbot/ros_ws/install/alexbot_description/share/alexbot_description/urdf/leftlink4.STL
[1.109s] -- Installing: /home/mr-cheng/Documents/Alexbot/ros_ws/install/alexbot_description/share/alexbot_description/urdf/rightlink1.STL
[1.110s] -- Installing: /home/mr-cheng/Documents/Alexbot/ros_ws/install/alexbot_description/share/alexbot_description/urdf/leftlink1.STL
[1.110s] -- Installing: /home/mr-cheng/Documents/Alexbot/ros_ws/install/alexbot_description/share/alexbot_description/urdf/leftlink3.STL
[1.110s] -- Installing: /home/mr-cheng/Documents/Alexbot/ros_ws/install/alexbot_description/share/alexbot_description/urdf/rightlink3.STL
[1.111s] -- Installing: /home/mr-cheng/Documents/Alexbot/ros_ws/install/alexbot_description/share/alexbot_description/urdf/rightlink5.STL
[1.111s] -- Installing: /home/mr-cheng/Documents/Alexbot/ros_ws/install/alexbot_description/share/alexbot_description/rviz
[1.111s] -- Installing: /home/mr-cheng/Documents/Alexbot/ros_ws/install/alexbot_description/share/ament_index/resource_index/package_run_dependencies/alexbot_description
[1.111s] -- Installing: /home/mr-cheng/Documents/Alexbot/ros_ws/install/alexbot_description/share/ament_index/resource_index/parent_prefix_path/alexbot_description
[1.111s] -- Installing: /home/mr-cheng/Documents/Alexbot/ros_ws/install/alexbot_description/share/alexbot_description/environment/ament_prefix_path.sh
[1.111s] -- Installing: /home/mr-cheng/Documents/Alexbot/ros_ws/install/alexbot_description/share/alexbot_description/environment/ament_prefix_path.dsv
[1.111s] -- Installing: /home/mr-cheng/Documents/Alexbot/ros_ws/install/alexbot_description/share/alexbot_description/environment/path.sh
[1.111s] -- Installing: /home/mr-cheng/Documents/Alexbot/ros_ws/install/alexbot_description/share/alexbot_description/environment/path.dsv
[1.111s] -- Installing: /home/mr-cheng/Documents/Alexbot/ros_ws/install/alexbot_description/share/alexbot_description/local_setup.bash
[1.111s] -- Installing: /home/mr-cheng/Documents/Alexbot/ros_ws/install/alexbot_description/share/alexbot_description/local_setup.sh
[1.111s] -- Installing: /home/mr-cheng/Documents/Alexbot/ros_ws/install/alexbot_description/share/alexbot_description/local_setup.zsh
[1.111s] -- Installing: /home/mr-cheng/Documents/Alexbot/ros_ws/install/alexbot_description/share/alexbot_description/local_setup.dsv
[1.111s] -- Installing: /home/mr-cheng/Documents/Alexbot/ros_ws/install/alexbot_description/share/alexbot_description/package.dsv
[1.112s] -- Installing: /home/mr-cheng/Documents/Alexbot/ros_ws/install/alexbot_description/share/ament_index/resource_index/packages/alexbot_description
[1.112s] -- Installing: /home/mr-cheng/Documents/Alexbot/ros_ws/install/alexbot_description/share/alexbot_description/cmake/alexbot_descriptionConfig.cmake
[1.112s] -- Installing: /home/mr-cheng/Documents/Alexbot/ros_ws/install/alexbot_description/share/alexbot_description/cmake/alexbot_descriptionConfig-version.cmake
[1.112s] -- Installing: /home/mr-cheng/Documents/Alexbot/ros_ws/install/alexbot_description/share/alexbot_description/package.xml
[1.114s] Invoked command in '/home/mr-cheng/Documents/Alexbot/ros_ws/build/alexbot_description' returned '0': CMAKE_PREFIX_PATH=/opt/ros/humble:${CMAKE_PREFIX_PATH} CONDA_PROMPT_MODIFIER=(base) /usr/bin/cmake --install /home/mr-cheng/Documents/Alexbot/ros_ws/build/alexbot_description
