[0.006s] Invoking command in '/home/mr-cheng/Documents/Alexbot/ros_ws/build/Alexbot_simple_urdf': CONDA_PROMPT_MODIFIER=(base) /usr/bin/cmake /home/mr-cheng/Documents/Alexbot/ros_ws/src/Alexbot_simple_urdf -DCATKIN_INSTALL_INTO_PREFIX_ROOT=0 -DCMAKE_INSTALL_PREFIX=/home/mr-cheng/Documents/Alexbot/ros_ws/install/Alexbot_simple_urdf
[0.058s] -- The C compiler identification is GNU 9.5.0
[0.107s] -- The CXX compiler identification is GNU 9.5.0
[0.114s] -- Detecting C compiler ABI info
[0.207s] -- Detecting C compiler ABI info - done
[0.218s] -- Check for working C compiler: /usr/bin/cc - skipped
[0.218s] -- Detecting C compile features
[0.218s] -- Detecting C compile features - done
[0.221s] -- Detecting CXX compiler ABI info
[0.296s] -- Detecting CXX compiler ABI info - done
[0.300s] -- Check for working CXX compiler: /usr/bin/c++ - skipped
[0.300s] -- Detecting CXX compile features
[0.301s] -- Detecting CXX compile features - done
[0.302s] -- Found ament_cmake: 1.3.11 (/opt/ros/humble/share/ament_cmake/cmake)
[0.533s] -- Found Python3: /home/mr-cheng/Bags/anaconda3/bin/python3 (found version "3.10.16") found components: Interpreter 
[0.589s] -- Found rclcpp: 16.0.12 (/opt/ros/humble/share/rclcpp/cmake)
[0.613s] -- Found rosidl_generator_c: 3.1.6 (/opt/ros/humble/share/rosidl_generator_c/cmake)
[0.616s] -- Found rosidl_adapter: 3.1.6 (/opt/ros/humble/share/rosidl_adapter/cmake)
[0.620s] -- Found rosidl_generator_cpp: 3.1.6 (/opt/ros/humble/share/rosidl_generator_cpp/cmake)
[0.626s] -- Using all available rosidl_typesupport_c: rosidl_typesupport_fastrtps_c;rosidl_typesupport_introspection_c
[0.635s] -- Using all available rosidl_typesupport_cpp: rosidl_typesupport_fastrtps_cpp;rosidl_typesupport_introspection_cpp
[0.658s] -- Found rmw_implementation_cmake: 6.1.2 (/opt/ros/humble/share/rmw_implementation_cmake/cmake)
[0.660s] -- Found rmw_fastrtps_cpp: 6.2.7 (/opt/ros/humble/share/rmw_fastrtps_cpp/cmake)
[0.725s] -- Found OpenSSL: /usr/lib/x86_64-linux-gnu/libcrypto.so (found version "3.0.2")  
[0.754s] -- Found FastRTPS: /opt/ros/humble/include  
[0.768s] -- Using RMW implementation 'rmw_fastrtps_cpp' as default
[0.773s] -- Looking for pthread.h
[0.841s] -- Looking for pthread.h - found
[0.841s] -- Performing Test CMAKE_HAVE_LIBC_PTHREAD
[0.919s] -- Performing Test CMAKE_HAVE_LIBC_PTHREAD - Success
[0.920s] -- Found Threads: TRUE  
[0.951s] -- Found urdf: 2.6.1 (/opt/ros/humble/share/urdf/cmake)
[0.965s] -- Found xacro: 2.0.13 (/opt/ros/humble/share/xacro/cmake)
[1.006s] WARNING: Package name "Alexbot_simple_urdf" does not follow the naming conventions. It should start with a lower case letter and only contain lower case letters, digits, underscores, and dashes.
[1.014s] -- Configuring done
[1.016s] -- Generating done
[1.017s] [33mCMake Warning:
[1.017s]   Manually-specified variables were not used by the project:
[1.017s] 
[1.017s]     CATKIN_INSTALL_INTO_PREFIX_ROOT
[1.017s] 
[1.017s] [0m
[1.017s] -- Build files have been written to: /home/mr-cheng/Documents/Alexbot/ros_ws/build/Alexbot_simple_urdf
[1.023s] Invoked command in '/home/mr-cheng/Documents/Alexbot/ros_ws/build/Alexbot_simple_urdf' returned '0': CONDA_PROMPT_MODIFIER=(base) /usr/bin/cmake /home/mr-cheng/Documents/Alexbot/ros_ws/src/Alexbot_simple_urdf -DCATKIN_INSTALL_INTO_PREFIX_ROOT=0 -DCMAKE_INSTALL_PREFIX=/home/mr-cheng/Documents/Alexbot/ros_ws/install/Alexbot_simple_urdf
[1.024s] Invoking command in '/home/mr-cheng/Documents/Alexbot/ros_ws/build/Alexbot_simple_urdf': CONDA_PROMPT_MODIFIER=(base) /usr/bin/cmake --build /home/mr-cheng/Documents/Alexbot/ros_ws/build/Alexbot_simple_urdf -- -j16 -l16
[1.055s] Invoked command in '/home/mr-cheng/Documents/Alexbot/ros_ws/build/Alexbot_simple_urdf' returned '0': CONDA_PROMPT_MODIFIER=(base) /usr/bin/cmake --build /home/mr-cheng/Documents/Alexbot/ros_ws/build/Alexbot_simple_urdf -- -j16 -l16
[1.066s] Invoking command in '/home/mr-cheng/Documents/Alexbot/ros_ws/build/Alexbot_simple_urdf': CONDA_PROMPT_MODIFIER=(base) /usr/bin/cmake --install /home/mr-cheng/Documents/Alexbot/ros_ws/build/Alexbot_simple_urdf
[1.076s] -- Install configuration: ""
[1.076s] [31mCMake Error at cmake_install.cmake:46 (file):
[1.076s]   file INSTALL cannot find
[1.076s]   "/home/mr-cheng/Documents/Alexbot/ros_ws/src/Alexbot_simple_urdf/config":
[1.076s]   No such file or directory.
[1.076s] 
[1.076s] [0m
[1.078s] Invoked command in '/home/mr-cheng/Documents/Alexbot/ros_ws/build/Alexbot_simple_urdf' returned '1': CONDA_PROMPT_MODIFIER=(base) /usr/bin/cmake --install /home/mr-cheng/Documents/Alexbot/ros_ws/build/Alexbot_simple_urdf
